<?xml version="1.0" encoding="UTF-8"?>
<!-- Generated by org.testng.reporters.JUnitReportReporter -->
<testsuite hostname="Hari" failures="0" tests="1" name="OrangeHRM_Module.Features_PIM" time="3.605" errors="0" timestamp="2025-09-29T17:24:13 IST" skipped="0">
  <testcase classname="OrangeHRM_Module.Features_PIM" name="PIM_Moduel" time="3.605"/>
</testsuite> <!-- OrangeHRM_Module.Features_PIM -->
