<?xml version="1.0" encoding="UTF-8"?>
<!-- Generated by org.testng.reporters.JUnitReportReporter -->
<testsuite hostname="Hari" failures="0" tests="3" name="OrangeHRM_Module.Time" time="6.833" errors="0" timestamp="2025-09-29T17:24:13 IST" skipped="0">
  <testcase classname="OrangeHRM_Module.Time" name="time_Timesheets" time="1.214"/>
  <testcase classname="OrangeHRM_Module.Time" name="time_Attendance" time="2.374"/>
  <testcase classname="OrangeHRM_Module.Time" name="Punch_Attendence" time="3.245"/>
</testsuite> <!-- OrangeHRM_Module.Time -->
