<?xml version="1.0" encoding="UTF-8"?>
<!-- Generated by org.testng.reporters.JUnitReportReporter -->
<testsuite hostname="Hari" failures="0" tests="12" name="OrangeHRM_Testcases.Orange_HRM_login_DATA" time="0.072" errors="0" timestamp="2025-09-29T17:24:13 IST" skipped="0">
  <testcase classname="OrangeHRM_Testcases.Orange_HRM_login_DATA" name="writeData" time="0.008"/>
  <testcase classname="OrangeHRM_Testcases.Orange_HRM_login_DATA" name="writeData" time="0.004"/>
  <testcase classname="OrangeHRM_Testcases.Orange_HRM_login_DATA" name="writeData" time="0.006"/>
  <testcase classname="OrangeHRM_Testcases.Orange_HRM_login_DATA" name="writeData" time="0.007"/>
  <testcase classname="OrangeHRM_Testcases.Orange_HRM_login_DATA" name="writeData" time="0.014"/>
  <testcase classname="OrangeHRM_Testcases.Orange_HRM_login_DATA" name="writeData" time="0.007"/>
  <testcase classname="OrangeHRM_Testcases.Orange_HRM_login_DATA" name="writeData" time="0.004"/>
  <testcase classname="OrangeHRM_Testcases.Orange_HRM_login_DATA" name="writeData" time="0.005"/>
  <testcase classname="OrangeHRM_Testcases.Orange_HRM_login_DATA" name="writeData" time="0.004"/>
  <testcase classname="OrangeHRM_Testcases.Orange_HRM_login_DATA" name="writeData" time="0.003"/>
  <testcase classname="OrangeHRM_Testcases.Orange_HRM_login_DATA" name="writeData" time="0.006"/>
  <testcase classname="OrangeHRM_Testcases.Orange_HRM_login_DATA" name="writeData" time="0.004"/>
</testsuite> <!-- OrangeHRM_Testcases.Orange_HRM_login_DATA -->
