<?xml version="1.0" encoding="UTF-8"?>
<!-- Generated by org.testng.reporters.JUnitReportReporter -->
<testsuite hostname="Hari" failures="0" tests="1" name="OrangeHRM_Testcases.OrangeHRM_modules" time="1.046" errors="0" timestamp="2025-09-29T17:24:13 IST" skipped="0">
  <testcase classname="OrangeHRM_Testcases.OrangeHRM_modules" name="Admin_page" time="1.046"/>
</testsuite> <!-- OrangeHRM_Testcases.OrangeHRM_modules -->
