<?xml version="1.0" encoding="UTF-8"?>
<!-- Generated by org.testng.reporters.JUnitReportReporter -->
<testsuite hostname="Hari" failures="0" tests="3" name="OrangeHRM_Module.Leave_module" time="4.193" errors="0" timestamp="2025-09-29T17:24:13 IST" skipped="0">
  <testcase classname="OrangeHRM_Module.Leave_module" name="leave_Print" time="0.001"/>
  <testcase classname="OrangeHRM_Module.Leave_module" name="Leave_page_module" time="4.191"/>
  <testcase classname="OrangeHRM_Module.Leave_module" name="all_data" time="0.001"/>
</testsuite> <!-- OrangeHRM_Module.Leave_module -->
