<?xml version="1.0" encoding="UTF-8"?>
<!-- Generated by org.testng.reporters.JUnitReportReporter -->
<testsuite hostname="Hari" failures="0" tests="12" name="OrangeHRM_Testcases.LoginWithdata" time="3.582" errors="0" timestamp="2025-09-29T17:24:13 IST" skipped="0">
  <testcase classname="OrangeHRM_Testcases.LoginWithdata" name="OrangeHRM_login" time="0.166"/>
  <testcase classname="OrangeHRM_Testcases.LoginWithdata" name="OrangeHRM_login" time="1.292"/>
  <testcase classname="OrangeHRM_Testcases.LoginWithdata" name="OrangeHRM_login" time="0.145"/>
  <testcase classname="OrangeHRM_Testcases.LoginWithdata" name="OrangeHRM_login" time="0.110"/>
  <testcase classname="OrangeHRM_Testcases.LoginWithdata" name="OrangeHRM_login" time="0.112"/>
  <testcase classname="OrangeHRM_Testcases.LoginWithdata" name="OrangeHRM_login" time="0.109"/>
  <testcase classname="OrangeHRM_Testcases.LoginWithdata" name="OrangeHRM_login" time="0.125"/>
  <testcase classname="OrangeHRM_Testcases.LoginWithdata" name="OrangeHRM_login" time="0.150"/>
  <testcase classname="OrangeHRM_Testcases.LoginWithdata" name="OrangeHRM_login" time="0.539"/>
  <testcase classname="OrangeHRM_Testcases.LoginWithdata" name="OrangeHRM_login" time="0.579"/>
  <testcase classname="OrangeHRM_Testcases.LoginWithdata" name="OrangeHRM_login" time="0.109"/>
  <testcase classname="OrangeHRM_Testcases.LoginWithdata" name="OrangeHRM_login" time="0.146"/>
</testsuite> <!-- OrangeHRM_Testcases.LoginWithdata -->
